<?xml version="1.0" encoding="UTF-8" ?>
<testsuite tests="6" failures="0" name="edu.eci.arsw.blueprints.test.persistence.impl.InMemoryPersistenceTest" time="0.007" errors="0" skipped="0">
  <properties>
[...]
</properties>
  <testcase classname="edu.eci.arsw.blueprints.test.persistence.impl.InMemoryPersistenceTest" name="subsampling" time="0.005"/>
  <testcase classname="edu.eci.arsw.blueprints.test.persistence.impl.InMemoryPersistenceTest" name="getBlueprintByAuthor" time="0.001"/>
  <testcase classname="edu.eci.arsw.blueprints.test.persistence.impl.InMemoryPersistenceTest" name="saveExistingBpTest" time="0"/>
  <testcase classname="edu.eci.arsw.blueprints.test.persistence.impl.InMemoryPersistenceTest" name="saveNewAndLoadTest" time="0"/>
  <testcase classname="edu.eci.arsw.blueprints.test.persistence.impl.InMemoryPersistenceTest" name="getBlueprint" time="0"/>
  <testcase classname="edu.eci.arsw.blueprints.test.persistence.impl.InMemoryPersistenceTest" name="redundantFilter" time="0.001"/>
</testsuite>